 
                                                                                               
 
 
Fit Statistics

Target=Class Target Label=Class

   Fit
Statistics    Statistics Label                     Train    Validation

 _DFT_        Total Degrees of Freedom           199.000         .    
 _DFE_        Degrees of Freedom for Error        93.000         .    
 _DFM_        Model Degrees of Freedom           106.000         .    
 _NW_         Number of Estimated Weights        106.000         .    
 _AIC_        Akaike's Information Criterion     349.423         .    
 _SBC_        Schwarz's Bayesian Criterion       698.513         .    
 _ASE_        Average Squared Error                0.113        0.188 
 _MAX_        Maximum Absolute Error               0.915        1.000 
 _DIV_        Divisor for ASE                    398.000      174.000 
 _NOBS_       Sum of Frequencies                 199.000       87.000 
 _RASE_       Root Average Squared Error           0.336        0.433 
 _SSE_        Sum of Squared Errors               44.851       32.637 
 _SUMW_       Sum of Case Weights Times Freq     398.000      174.000 
 _FPE_        Final Prediction Error               0.370         .    
 _MSE_        Mean Squared Error                   0.241        0.188 
 _RFPE_       Root Final Prediction Error          0.608         .    
 _RMSE_       Root Mean Squared Error              0.491        0.433 
 _AVERR_      Average Error Function               0.345        1.057 
 _ERR_        Error Function                     137.423      183.899 
 _MISC_       Misclassification Rate               0.146        0.218 
 _WRONG_      Number of Wrong Classifications     29.000       19.000 
 
                                                                                               
 
 
Classification Table

Data Role=TRAIN Target Variable=Class Target Label=Class

                                                Target       Outcome    Frequency      Total
       Target                Outcome          Percentage   Percentage     Count     Percentage

NO-RECURRENCE-EVENTS   NO-RECURRENCE-EVENTS     83.2335      99.2857       139        69.8492 
RECURRENCE-EVENTS      NO-RECURRENCE-EVENTS     16.7665      47.4576        28        14.0704 
NO-RECURRENCE-EVENTS   RECURRENCE-EVENTS         3.1250       0.7143         1         0.5025 
RECURRENCE-EVENTS      RECURRENCE-EVENTS        96.8750      52.5424        31        15.5779 


Data Role=VALIDATE Target Variable=Class Target Label=Class

                                                Target       Outcome    Frequency      Total
       Target                Outcome          Percentage   Percentage     Count     Percentage

NO-RECURRENCE-EVENTS   NO-RECURRENCE-EVENTS     79.1667      93.4426        57        65.5172 
RECURRENCE-EVENTS      NO-RECURRENCE-EVENTS     20.8333      57.6923        15        17.2414 
NO-RECURRENCE-EVENTS   RECURRENCE-EVENTS        26.6667       6.5574         4         4.5977 
RECURRENCE-EVENTS      RECURRENCE-EVENTS        73.3333      42.3077        11        12.6437 
 
                                                                                               
 
 
Event Classification Table

Data Role=TRAIN Target=Class Target Label=Class

  False       True        False       True
Negative    Negative    Positive    Positive

   28          139          1          31   


Data Role=VALIDATE Target=Class Target Label=Class

  False       True        False       True
Negative    Negative    Positive    Positive

   15          57           4          11   
 
                                                                                               
 
 
Assessment Score Rankings

Data Role=TRAIN Target Variable=Class Target Label=Class

                                                                                    Mean
                            Cumulative       %      Cumulative     Number of     Posterior
Depth      Gain     Lift       Lift      Response   % Response   Observations   Probability

   5    237.288   3.37288     3.37288       100       100.000         10          1.00000  
  10    237.288   3.37288     3.37288       100       100.000         10          0.99633  
  15    237.288   3.37288     3.37288       100       100.000         10          0.90663  
  20    169.831   0.67458     2.69831        20        80.000         10          0.43198  
  25    136.102   1.01186     2.36102        30        70.000         10          0.30279  
  30    113.616   1.01186     2.13616        30        63.333         10          0.27170  
  35     83.099   0.00000     1.83099         0        54.286         10          0.25723  
  40     68.644   0.67458     1.68644        20        50.000         10          0.25595  
  45     61.149   1.01186     1.61149        30        47.778         10          0.25451  
  50     58.525   1.34915     1.58525        40        47.000         10          0.25095  
  55     50.247   0.67458     1.50247        20        44.545         10          0.24543  
  60     48.969   1.34915     1.48969        40        44.167         10          0.22981  
  65     40.104   0.33729     1.40104        10        41.538         10          0.21241  
  70     37.324   1.01186     1.37324        30        40.714         10          0.15281  
  75     32.667   0.67458     1.32667        20        39.333         10          0.08963  
  80     24.375   0.00000     1.24375         0        36.875         10          0.02906  
  85     17.059   0.00000     1.17059         0        34.706         10          0.00801  
  90     10.556   0.00000     1.10556         0        32.778         10          0.00012  
  95      4.737   0.00000     1.04737         0        31.053         10          0.00000  
 100      0.000   0.00000     1.00000         0        29.648          9          0.00000  


Data Role=VALIDATE Target Variable=Class Target Label=Class

                                                                                    Mean
                            Cumulative       %      Cumulative     Number of     Posterior
Depth      Gain     Lift       Lift      Response   % Response   Observations   Probability

   5    167.692   2.67692     2.67692       80        80.0000          5          1.00000  
  10    160.256   2.50962     2.60256       75        77.7778          4          0.99982  
  15    139.011   2.00769     2.39011       60        71.4286          5          0.80710  
  20    123.077   1.67308     2.23077       50        66.6667          4          0.48513  
  25    128.147   2.50962     2.28147       75        68.1818          4          0.28706  
  30     85.897   0.00000     1.85897        0        55.5556          5          0.25829  
  35     61.911   0.00000     1.61911        0        48.3871          4          0.25585  
  40     43.407   0.00000     1.43407        0        42.8571          4          0.25480  
  45     42.212   1.33846     1.42212       40        42.5000          5          0.25175  
  50     44.493   1.67308     1.44493       50        43.1818          4          0.24920  
  55     32.452   0.00000     1.32452        0        39.5833          4          0.23755  
  60     19.956   0.00000     1.19956        0        35.8491          5          0.22468  
  65     17.409   0.83654     1.17409       25        35.0877          4          0.17062  
  70     20.681   1.67308     1.20681       50        36.0656          4          0.09412  
  75     21.678   1.33846     1.21678       40        36.3636          5          0.05949  
  80     19.505   0.83654     1.19505       25        35.7143          4          0.00935  
  85     13.046   0.00000     1.13046        0        33.7838          4          0.00000  
  90      5.891   0.00000     1.05891        0        31.6456          5          0.00000  
  95      4.819   0.83654     1.04819       25        31.3253          4          0.00000  
 100      0.000   0.00000     1.00000        0        29.8851          4          0.00000  
 
                                                                                               
 
 
Assessment Score Distribution

Data Role=TRAIN Target Variable=Class Target Label=Class

 Posterior     Number                     Mean
Probability      of      Number of     Posterior
   Range       Events    Nonevents    Probability    Percentage

 0.95-1.00       25           0         0.99237        12.5628 
 0.90-0.95        2           0         0.94015         1.0050 
 0.85-0.90        1           0         0.88241         0.5025 
 0.70-0.75        2           0         0.72879         1.0050 
 0.65-0.70        1           0         0.65541         0.5025 
 0.50-0.55        0           1         0.50474         0.5025 
 0.45-0.50        1           2         0.46798         1.5075 
 0.35-0.40        0           2         0.36665         1.0050 
 0.30-0.35        2           6         0.32164         4.0201 
 0.25-0.30       13          41         0.26170        27.1357 
 0.20-0.25        7          24         0.22984        15.5779 
 0.15-0.20        2           1         0.17583         1.5075 
 0.10-0.15        2           9         0.13284         5.5276 
 0.05-0.10        1           6         0.06953         3.5176 
 0.00-0.05        0          48         0.00668        24.1206 


Data Role=VALIDATE Target Variable=Class Target Label=Class

 Posterior     Number                     Mean
Probability      of      Number of     Posterior
   Range       Events    Nonevents    Probability    Percentage

 0.95-1.00        8           3         0.99946        12.6437 
 0.70-0.75        0           1         0.71422         1.1494 
 0.65-0.70        2           0         0.66327         2.2989 
 0.60-0.65        1           0         0.64023         1.1494 
 0.45-0.50        0           2         0.46046         2.2989 
 0.35-0.40        1           0         0.37936         1.1494 
 0.30-0.35        1           1         0.30454         2.2989 
 0.25-0.30        5          17         0.25602        25.2874 
 0.20-0.25        1          11         0.23187        13.7931 
 0.15-0.20        1           0         0.19092         1.1494 
 0.10-0.15        1           2         0.13859         3.4483 
 0.05-0.10        2           4         0.07636         6.8966 
 0.00-0.05        3          20         0.00507        26.4368 
