 
                                                                                                                                                                                                                                                                
 
 
Variable Summary

          Measurement    Frequency
 Role        Level         Count

INPUT      INTERVAL          1    
INPUT      NOMINAL           8    
TARGET     NOMINAL           1    
 
                                                                                                                                                                                                                                                                
 
Variable Levels Summary
(maximum 500 observations printed)

                      Frequency
Variable     Role       Count

 Class      TARGET        2    
 
                                                                                                                                                                                                                                                                
 
Class Variable Summary Statistics
(maximum 500 observations printed)

Data Role=TRAIN

                                  Number
Data     Variable                   of                                            Mode                              Mode2
Role     Name            Role     Levels    Missing    Mode                    Percentage    Mode2                Percentage

TRAIN    age            INPUT        6         0       50-59                     33.57       40-49                  31.47   
TRAIN    breast         INPUT        2         0       left                      53.15       right                  46.85   
TRAIN    breast_quad    INPUT        6         0       left_low                  38.46       left_up                33.92   
TRAIN    inv_nodes      INPUT        7         0       0-2                       74.48       3-5                    12.59   
TRAIN    irradiat       INPUT        2         0       no                        76.22       yes                    23.78   
TRAIN    menopause      INPUT        3         0       premeno                   52.45       ge40                   45.10   
TRAIN    node_caps      INPUT        3         0       no                        77.62       yes                    19.58   
TRAIN    tumor_size     INPUT       11         0       30-34                     20.98       25-29                  18.88   
TRAIN    Class          TARGET       2         0       no-recurrence-events      70.28       recurrence-events      29.72   
 
                                                                                                                                                                                                                                                                
 
Distribution of Class Target and Segment Variables
(maximum 500 observations printed)

Data Role=TRAIN

Data     Variable                                       Frequency
Role       Name       Role            Level                 Count    Percent

TRAIN     Class      TARGET    no-recurrence-events           201    70.2797
TRAIN     Class      TARGET    recurrence-events               85    29.7203
 
                                                                                                                                                                                                                                                                
 
Interval Variable Summary Statistics
(maximum 500 observations printed)

Data Role=TRAIN

                                  Standard          Non
Variable     Role         Mean    Deviation     Missing     Missing     Minimum      Median     Maximum    Skewness    Kurtosis

deg_malig    INPUT    2.048951    0.738217          286           0           1           2           3    -0.07766    -1.15562
 
                                                                                                                                                                                                                                                                
 
Class Variable Summary Statistics by Class Target
(maximum 500 observations printed)

Data Role=TRAIN Variable Name=age

                                     Number
                                       of                             Mode                  Mode2
Target           Target Level        Levels    Missing    Mode     Percentage    Mode2    Percentage

Class        no-recurrence-events       6         0       50-59      35.32       40-49      31.34   
Class        recurrence-events          5         0       40-49      31.76       50-59      29.41   
_OVERALL_                               6         0       50-59      33.57       40-49      31.47   


Data Role=TRAIN Variable Name=breast

                                     Number
                                       of                            Mode                  Mode2
Target           Target Level        Levels    Missing    Mode    Percentage    Mode2    Percentage

Class        no-recurrence-events       2         0       left      51.24       right      48.76   
Class        recurrence-events          2         0       left      57.65       right      42.35   
_OVERALL_                               2         0       left      53.15       right      46.85   


Data Role=TRAIN Variable Name=breast_quad

                                     Number
                                       of                                Mode                    Mode2
Target           Target Level        Levels    Missing      Mode      Percentage     Mode2     Percentage

Class        no-recurrence-events       5         0       left_low      37.31       left_up      35.32   
Class        recurrence-events          6         0       left_low      41.18       left_up      30.59   
_OVERALL_                               6         0       left_low      38.46       left_up      33.92   


Data Role=TRAIN Variable Name=inv_nodes

                                     Number
                                       of                            Mode                  Mode2
Target           Target Level        Levels    Missing    Mode    Percentage    Mode2    Percentage

Class        no-recurrence-events       6         0       0-2       83.08        3-5        9.45   
Class        recurrence-events          7         0       0-2       54.12        3-5       20.00   
_OVERALL_                               7         0       0-2       74.48        3-5       12.59   


Data Role=TRAIN Variable Name=irradiat

                                     Number
                                       of                            Mode                  Mode2
Target           Target Level        Levels    Missing    Mode    Percentage    Mode2    Percentage

Class        no-recurrence-events       2         0        no       81.59        yes       18.41   
Class        recurrence-events          2         0        no       63.53        yes       36.47   
_OVERALL_                               2         0        no       76.22        yes       23.78   


Data Role=TRAIN Variable Name=menopause

                                     Number
                                       of                               Mode                  Mode2
Target           Target Level        Levels    Missing     Mode      Percentage    Mode2    Percentage

Class        no-recurrence-events       3         0       premeno      50.75       ge40       46.77   
Class        recurrence-events          3         0       premeno      56.47       ge40       41.18   
_OVERALL_                               3         0       premeno      52.45       ge40       45.10   


Data Role=TRAIN Variable Name=node_caps

                                     Number
                                       of                            Mode                  Mode2
Target           Target Level        Levels    Missing    Mode    Percentage    Mode2    Percentage

Class        no-recurrence-events       3         0        no       85.07        yes       12.44   
Class        recurrence-events          3         0        no       60.00        yes       36.47   
_OVERALL_                               3         0        no       77.62        yes       19.58   


Data Role=TRAIN Variable Name=tumor_size

                                     Number
                                       of                             Mode                  Mode2
Target           Target Level        Levels    Missing    Mode     Percentage    Mode2    Percentage

Class        no-recurrence-events      11         0       25-29      17.91       30-34      17.41   
Class        recurrence-events         10         0       30-34      29.41       25-29      21.18   
_OVERALL_                              11         0       30-34      20.98       25-29      18.88   
 
                                                                                                                                                                                                                                                                
 
Interval Variable Summary Statistics by Class Target
(maximum 500 observations printed)

Data Role=TRAIN Variable=deg_malig

                                                                  Non                                        Standard
Target           Target Level          Median     Missing     Missing     Minimum     Maximum        Mean    Deviation    Skewness    Kurtosis    Role       Label

Class        no-recurrence-events           2           0         201           1           3    1.905473    0.697151     0.130196    -0.92814    INPUT    deg-malig
Class        recurrence-events              3           0          85           1           3    2.388235    0.725293       -0.749    -0.73025    INPUT    deg-malig
_OVERALL_                                   2           0         286           1           3    2.048951    0.738217     -0.07766    -1.15562    INPUT    deg-malig
 
                                                                                                                                                                                                                                                                
 
Chi-Square Statistics
(maximum 500 observations printed)

Data Role=TRAIN Target=Class

Input          Chi-Square    Df      Prob

inv_nodes         28.7997     6    <.0001
node_caps         22.6917     2    <.0001
tumor_size        17.9157    10    0.0564
irradiat          10.7542     1    0.0010
breast_quad        5.8711     5    0.3190
age                3.9977     5    0.5497
breast             0.9836     1    0.3213
menopause          0.7915     2    0.6732
